<?xml version="1.0" encoding="UTF-8"?>
<testng-results ignored="0" total="1" passed="1" failed="0" skipped="0">
  <reporter-output>
  </reporter-output>
  <suite started-at="2023-01-21T03:10:31 EET" name="Suite1" finished-at="2023-01-21T03:10:46 EET" duration-ms="14157">
    <groups>
    </groups>
    <test started-at="2023-01-21T03:10:31 EET" name="123" finished-at="2023-01-21T03:10:46 EET" duration-ms="14157">
      <class name="tests.WhishlistTest">
        <test-method is-config="true" signature="setup(java.lang.String,java.lang.String)[pri:0, instance:tests.WhishlistTest@2e005c4b]" started-at="2023-01-21T03:10:31 EET" name="setup" finished-at="2023-01-21T03:10:36 EET" duration-ms="4521" status="PASS">
          <params>
            <param index="0">
              <value>
                <![CDATA[chrome]]>
              </value>
            </param>
            <param index="1">
              <value>
                <![CDATA[https://keyfood.ro/]]>
              </value>
            </param>
          </params>
          <reporter-output>
          </reporter-output>
        </test-method> <!-- setup -->
        <test-method signature="wishListTest()[pri:0, instance:tests.WhishlistTest@2e005c4b]" started-at="2023-01-21T03:10:36 EET" name="wishListTest" finished-at="2023-01-21T03:10:39 EET" duration-ms="3434" status="PASS">
          <reporter-output>
          </reporter-output>
        </test-method> <!-- wishListTest -->
        <test-method is-config="true" signature="recordFailure(org.testng.ITestResult)[pri:0, instance:tests.WhishlistTest@2e005c4b]" started-at="2023-01-21T03:10:39 EET" name="recordFailure" finished-at="2023-01-21T03:10:39 EET" duration-ms="2" status="PASS">
          <params>
            <param index="0">
              <value>
                <![CDATA[[TestResult name=wishListTest status=SUCCESS method=WhishlistTest.wishListTest()[pri:0, instance:tests.WhishlistTest@2e005c4b] output={null}]]]>
              </value>
            </param>
          </params>
          <reporter-output>
          </reporter-output>
        </test-method> <!-- recordFailure -->
        <test-method is-config="true" signature="tearDown()[pri:0, instance:tests.WhishlistTest@2e005c4b]" started-at="2023-01-21T03:10:39 EET" name="tearDown" finished-at="2023-01-21T03:10:46 EET" duration-ms="6162" status="PASS">
          <reporter-output>
          </reporter-output>
        </test-method> <!-- tearDown -->
      </class> <!-- tests.WhishlistTest -->
    </test> <!-- 123 -->
  </suite> <!-- Suite1 -->
</testng-results>
